\BOOKMARK [0][-]{chapter*.1}{Preface}{}% 1
\BOOKMARK [0][-]{chapter*.2}{Abstract}{}% 2
\BOOKMARK [0][-]{chapter*.3}{List of Figures and Tables}{}% 3
\BOOKMARK [0][-]{chapter*.6}{List of Abbreviations and Symbols}{}% 4
\BOOKMARK [0][-]{chapter.1}{Introduction}{}% 5
\BOOKMARK [1][-]{section.1.1}{Motivational Scenario}{chapter.1}% 6
\BOOKMARK [1][-]{section.1.2}{Detecting the autoimmune diseases}{chapter.1}% 7
\BOOKMARK [1][-]{section.1.3}{Problem statement}{chapter.1}% 8
\BOOKMARK [0][-]{chapter.2}{Understanding the domain}{}% 9
\BOOKMARK [1][-]{section.2.1}{Immune system and antibodies }{chapter.2}% 10
\BOOKMARK [1][-]{section.2.2}{Indirect Immunofluorescence}{chapter.2}% 11
\BOOKMARK [1][-]{section.2.3}{Putting it all together}{chapter.2}% 12
\BOOKMARK [0][-]{chapter.3}{Literature overview}{}% 13
\BOOKMARK [1][-]{section.3.1}{Cell segmentation}{chapter.3}% 14
\BOOKMARK [1][-]{section.3.2}{Intesity level classification}{chapter.3}% 15
\BOOKMARK [1][-]{section.3.3}{Staining pattern classification}{chapter.3}% 16
\BOOKMARK [0][-]{chapter.4}{Cell segmentation}{}% 17
\BOOKMARK [1][-]{section.4.1}{Gaussian mixture model}{chapter.4}% 18
\BOOKMARK [1][-]{section.4.2}{Expectation Maximization Algorithm}{chapter.4}% 19
\BOOKMARK [0][-]{chapter.5}{Fluorescence intensity classification}{}% 20
\BOOKMARK [1][-]{section.5.1}{Classifying intensity}{chapter.5}% 21
\BOOKMARK [0][-]{chapter.6}{Describing cells}{}% 22
\BOOKMARK [1][-]{section.6.1}{Interesting features}{chapter.6}% 23
\BOOKMARK [0][-]{section*.10}{Bibliography}{}% 24
